{"uid":"57fe9f9811534f84","name":"test_new_data","fullName":"test.test_conduit.TestConduit#test_new_data","historyId":"31b6af9fa7a431376e8d5bae6d0c19a0","time":{"start":1680961104685,"stop":1680961115010,"duration":10325},"status":"broken","statusMessage":"selenium.common.exceptions.NoSuchElementException: Message: no such element: Unable to locate element: {\"method\":\"xpath\",\"selector\":\"//a[@href=\"#/editor\"]\"}\n  (Session info: headless chrome=111.0.5563.146)\nStacktrace:\n#0 0x56216f8e9243 <unknown>\n#1 0x56216f6ad7a6 <unknown>\n#2 0x56216f6ea64d <unknown>\n#3 0x56216f6ea761 <unknown>\n#4 0x56216f725da4 <unknown>\n#5 0x56216f70b0ad <unknown>\n#6 0x56216f723932 <unknown>\n#7 0x56216f70ae53 <unknown>\n#8 0x56216f6dd9ea <unknown>\n#9 0x56216f6deb2e <unknown>\n#10 0x56216f93dd5e <unknown>\n#11 0x56216f941a80 <unknown>\n#12 0x56216f9238b0 <unknown>\n#13 0x56216f942b63 <unknown>\n#14 0x56216f914f75 <unknown>\n#15 0x56216f965998 <unknown>\n#16 0x56216f965b27 <unknown>\n#17 0x56216f980c23 <unknown>\n#18 0x7f47d1d2fb43 <unknown>","statusTrace":"self = <test_conduit.TestConduit object at 0x7f4a73805150>\n\n    def test_new_data(self):\n        # Bejelentkezés\n    \n        signin_button = self.browser.find_element(By.CSS_SELECTOR, 'a[href = \"#/login\"]')\n        signin_button.click()\n    \n        email_input = WebDriverWait(self.browser, 5).until(\n            EC.presence_of_element_located((By.CSS_SELECTOR, 'input[placeholder=\"Email\"]')))\n        password_input = WebDriverWait(self.browser, 5).until(\n            EC.presence_of_element_located((By.CSS_SELECTOR, 'input[placeholder=\"Password\"]')))\n        confirm_signin = WebDriverWait(self.browser, 5).until(\n            EC.presence_of_element_located((By.CSS_SELECTOR, 'button[class=\"btn btn-lg btn-primary pull-xs-right\"]')))\n    \n        email_input.send_keys(self.email)\n        password_input.send_keys(self.password)\n        confirm_signin.click()\n        time.sleep(10)\n    \n        # Új bejegyzés létrehozása\n    \n        self.browser.save_screenshot('new_article.png')\n    \n        # Kikeresem és rányomok az új bejegyzés létrehozására\n        #timeoutexception\n>       new_article_btn = self.browser.find_element(By.XPATH, '//a[@href=\"#/editor\"]')\n\ntest/test_conduit.py:189: \n_ _ _ _ _ _ _ _ _ _ _ _ _ _ _ _ _ _ _ _ _ _ _ _ _ _ _ _ _ _ _ _ _ _ _ _ _ _ _ _ \n/opt/hostedtoolcache/Python/3.10.10/x64/lib/python3.10/site-packages/selenium/webdriver/remote/webdriver.py:831: in find_element\n    return self.execute(Command.FIND_ELEMENT, {\"using\": by, \"value\": value})[\"value\"]\n/opt/hostedtoolcache/Python/3.10.10/x64/lib/python3.10/site-packages/selenium/webdriver/remote/webdriver.py:440: in execute\n    self.error_handler.check_response(response)\n_ _ _ _ _ _ _ _ _ _ _ _ _ _ _ _ _ _ _ _ _ _ _ _ _ _ _ _ _ _ _ _ _ _ _ _ _ _ _ _ \n\nself = <selenium.webdriver.remote.errorhandler.ErrorHandler object at 0x7f4a73899e70>\nresponse = {'status': 404, 'value': '{\"value\":{\"error\":\"no such element\",\"message\":\"no such element: Unable to locate element: {\\...\\\\n#16 0x56216f965b27 \\\\u003Cunknown>\\\\n#17 0x56216f980c23 \\\\u003Cunknown>\\\\n#18 0x7f47d1d2fb43 \\\\u003Cunknown>\\\\n\"}}'}\n\n    def check_response(self, response: Dict[str, Any]) -> None:\n        \"\"\"Checks that a JSON response from the WebDriver does not have an\n        error.\n    \n        :Args:\n         - response - The JSON response from the WebDriver server as a dictionary\n           object.\n    \n        :Raises: If the response contains an error message.\n        \"\"\"\n        status = response.get(\"status\", None)\n        if not status or status == ErrorCode.SUCCESS:\n            return\n        value = None\n        message = response.get(\"message\", \"\")\n        screen: str = response.get(\"screen\", \"\")\n        stacktrace = None\n        if isinstance(status, int):\n            value_json = response.get(\"value\", None)\n            if value_json and isinstance(value_json, str):\n                import json\n    \n                try:\n                    value = json.loads(value_json)\n                    if len(value) == 1:\n                        value = value[\"value\"]\n                    status = value.get(\"error\", None)\n                    if not status:\n                        status = value.get(\"status\", ErrorCode.UNKNOWN_ERROR)\n                        message = value.get(\"value\") or value.get(\"message\")\n                        if not isinstance(message, str):\n                            value = message\n                            message = message.get(\"message\")\n                    else:\n                        message = value.get(\"message\", None)\n                except ValueError:\n                    pass\n    \n        exception_class: Type[WebDriverException]\n        if status in ErrorCode.NO_SUCH_ELEMENT:\n            exception_class = NoSuchElementException\n        elif status in ErrorCode.NO_SUCH_FRAME:\n            exception_class = NoSuchFrameException\n        elif status in ErrorCode.NO_SUCH_SHADOW_ROOT:\n            exception_class = NoSuchShadowRootException\n        elif status in ErrorCode.NO_SUCH_WINDOW:\n            exception_class = NoSuchWindowException\n        elif status in ErrorCode.STALE_ELEMENT_REFERENCE:\n            exception_class = StaleElementReferenceException\n        elif status in ErrorCode.ELEMENT_NOT_VISIBLE:\n            exception_class = ElementNotVisibleException\n        elif status in ErrorCode.INVALID_ELEMENT_STATE:\n            exception_class = InvalidElementStateException\n        elif (\n            status in ErrorCode.INVALID_SELECTOR\n            or status in ErrorCode.INVALID_XPATH_SELECTOR\n            or status in ErrorCode.INVALID_XPATH_SELECTOR_RETURN_TYPER\n        ):\n            exception_class = InvalidSelectorException\n        elif status in ErrorCode.ELEMENT_IS_NOT_SELECTABLE:\n            exception_class = ElementNotSelectableException\n        elif status in ErrorCode.ELEMENT_NOT_INTERACTABLE:\n            exception_class = ElementNotInteractableException\n        elif status in ErrorCode.INVALID_COOKIE_DOMAIN:\n            exception_class = InvalidCookieDomainException\n        elif status in ErrorCode.UNABLE_TO_SET_COOKIE:\n            exception_class = UnableToSetCookieException\n        elif status in ErrorCode.TIMEOUT:\n            exception_class = TimeoutException\n        elif status in ErrorCode.SCRIPT_TIMEOUT:\n            exception_class = TimeoutException\n        elif status in ErrorCode.UNKNOWN_ERROR:\n            exception_class = WebDriverException\n        elif status in ErrorCode.UNEXPECTED_ALERT_OPEN:\n            exception_class = UnexpectedAlertPresentException\n        elif status in ErrorCode.NO_ALERT_OPEN:\n            exception_class = NoAlertPresentException\n        elif status in ErrorCode.IME_NOT_AVAILABLE:\n            exception_class = ImeNotAvailableException\n        elif status in ErrorCode.IME_ENGINE_ACTIVATION_FAILED:\n            exception_class = ImeActivationFailedException\n        elif status in ErrorCode.MOVE_TARGET_OUT_OF_BOUNDS:\n            exception_class = MoveTargetOutOfBoundsException\n        elif status in ErrorCode.JAVASCRIPT_ERROR:\n            exception_class = JavascriptException\n        elif status in ErrorCode.SESSION_NOT_CREATED:\n            exception_class = SessionNotCreatedException\n        elif status in ErrorCode.INVALID_ARGUMENT:\n            exception_class = InvalidArgumentException\n        elif status in ErrorCode.NO_SUCH_COOKIE:\n            exception_class = NoSuchCookieException\n        elif status in ErrorCode.UNABLE_TO_CAPTURE_SCREEN:\n            exception_class = ScreenshotException\n        elif status in ErrorCode.ELEMENT_CLICK_INTERCEPTED:\n            exception_class = ElementClickInterceptedException\n        elif status in ErrorCode.INSECURE_CERTIFICATE:\n            exception_class = InsecureCertificateException\n        elif status in ErrorCode.INVALID_COORDINATES:\n            exception_class = InvalidCoordinatesException\n        elif status in ErrorCode.INVALID_SESSION_ID:\n            exception_class = InvalidSessionIdException\n        elif status in ErrorCode.UNKNOWN_METHOD:\n            exception_class = UnknownMethodException\n        else:\n            exception_class = WebDriverException\n        if not value:\n            value = response[\"value\"]\n        if isinstance(value, str):\n            raise exception_class(value)\n        if message == \"\" and \"message\" in value:\n            message = value[\"message\"]\n    \n        screen = None  # type: ignore[assignment]\n        if \"screen\" in value:\n            screen = value[\"screen\"]\n    \n        stacktrace = None\n        st_value = value.get(\"stackTrace\") or value.get(\"stacktrace\")\n        if st_value:\n            if isinstance(st_value, str):\n                stacktrace = st_value.split(\"\\n\")\n            else:\n                stacktrace = []\n                try:\n                    for frame in st_value:\n                        line = frame.get(\"lineNumber\", \"\")\n                        file = frame.get(\"fileName\", \"<anonymous>\")\n                        if line:\n                            file = f\"{file}:{line}\"\n                        meth = frame.get(\"methodName\", \"<anonymous>\")\n                        if \"className\" in frame:\n                            meth = f\"{frame['className']}.{meth}\"\n                        msg = \"    at %s (%s)\"\n                        msg = msg % (meth, file)\n                        stacktrace.append(msg)\n                except TypeError:\n                    pass\n        if exception_class == UnexpectedAlertPresentException:\n            alert_text = None\n            if \"data\" in value:\n                alert_text = value[\"data\"].get(\"text\")\n            elif \"alert\" in value:\n                alert_text = value[\"alert\"].get(\"text\")\n            raise exception_class(message, screen, stacktrace, alert_text)  # type: ignore[call-arg]  # mypy is not smart enough here\n>       raise exception_class(message, screen, stacktrace)\nE       selenium.common.exceptions.NoSuchElementException: Message: no such element: Unable to locate element: {\"method\":\"xpath\",\"selector\":\"//a[@href=\"#/editor\"]\"}\nE         (Session info: headless chrome=111.0.5563.146)\nE       Stacktrace:\nE       #0 0x56216f8e9243 <unknown>\nE       #1 0x56216f6ad7a6 <unknown>\nE       #2 0x56216f6ea64d <unknown>\nE       #3 0x56216f6ea761 <unknown>\nE       #4 0x56216f725da4 <unknown>\nE       #5 0x56216f70b0ad <unknown>\nE       #6 0x56216f723932 <unknown>\nE       #7 0x56216f70ae53 <unknown>\nE       #8 0x56216f6dd9ea <unknown>\nE       #9 0x56216f6deb2e <unknown>\nE       #10 0x56216f93dd5e <unknown>\nE       #11 0x56216f941a80 <unknown>\nE       #12 0x56216f9238b0 <unknown>\nE       #13 0x56216f942b63 <unknown>\nE       #14 0x56216f914f75 <unknown>\nE       #15 0x56216f965998 <unknown>\nE       #16 0x56216f965b27 <unknown>\nE       #17 0x56216f980c23 <unknown>\nE       #18 0x7f47d1d2fb43 <unknown>\n\n/opt/hostedtoolcache/Python/3.10.10/x64/lib/python3.10/site-packages/selenium/webdriver/remote/errorhandler.py:245: NoSuchElementException","flaky":false,"newFailed":false,"newBroken":false,"newPassed":false,"retriesCount":0,"retriesStatusChange":false,"beforeStages":[{"name":"_xunit_setup_method_fixture_TestConduit","time":{"start":1680961103305,"stop":1680961104684,"duration":1379},"status":"passed","steps":[],"attachments":[],"parameters":[],"stepsCount":0,"attachmentsCount":0,"shouldDisplayMessage":false,"hasContent":false}],"afterStages":[{"name":"_xunit_setup_method_fixture_TestConduit::0","time":{"start":1680961115044,"stop":1680961116045,"duration":1001},"status":"passed","steps":[],"attachments":[],"parameters":[],"stepsCount":0,"attachmentsCount":0,"shouldDisplayMessage":false,"hasContent":false}],"labels":[{"name":"parentSuite","value":"test"},{"name":"suite","value":"test_conduit"},{"name":"subSuite","value":"TestConduit"},{"name":"host","value":"fv-az567-772"},{"name":"thread","value":"3059-MainThread"},{"name":"framework","value":"pytest"},{"name":"language","value":"cpython3"},{"name":"package","value":"test.test_conduit"},{"name":"resultFormat","value":"allure2"}],"parameters":[],"links":[],"hidden":false,"retry":false,"extra":{"severity":"normal","retries":[],"categories":[{"name":"Test defects","matchedStatuses":[],"flaky":false}],"tags":[]},"source":"57fe9f9811534f84.json","parameterValues":[]}