{"uid":"ad889bbef4cd0e8c","name":"test_logout","fullName":"test.test_conduit.TestConduit#test_logout","historyId":"2d54cfc625c2b1ae70e58e076de50a5c","time":{"start":1680871199834,"stop":1680871211298,"duration":11464},"status":"broken","statusMessage":"selenium.common.exceptions.TimeoutException: Message: \nStacktrace:\n#0 0x55ee583ab243 <unknown>\n#1 0x55ee5816f7a6 <unknown>\n#2 0x55ee581ac64d <unknown>\n#3 0x55ee581ac761 <unknown>\n#4 0x55ee581e7da4 <unknown>\n#5 0x55ee581cd0ad <unknown>\n#6 0x55ee581e5932 <unknown>\n#7 0x55ee581cce53 <unknown>\n#8 0x55ee5819f9ea <unknown>\n#9 0x55ee581a0b2e <unknown>\n#10 0x55ee583ffd5e <unknown>\n#11 0x55ee58403a80 <unknown>\n#12 0x55ee583e58b0 <unknown>\n#13 0x55ee58404b63 <unknown>\n#14 0x55ee583d6f75 <unknown>\n#15 0x55ee58427998 <unknown>\n#16 0x55ee58427b27 <unknown>\n#17 0x55ee58442c23 <unknown>\n#18 0x7f2494d57b43 <unknown>","statusTrace":"self = <test_conduit.TestConduit object at 0x7f8757188e80>\n\n    def test_logout(self):\n        # Bejelentkezés\n    \n        signin_button = self.browser.find_element(By.CSS_SELECTOR, 'a[href = \"#/login\"]')\n        signin_button.click()\n    \n        email_input = WebDriverWait(self.browser, 5).until(\n            EC.presence_of_element_located((By.CSS_SELECTOR, 'input[placeholder=\"Email\"]')))\n        password_input = WebDriverWait(self.browser, 5).until(\n            EC.presence_of_element_located((By.CSS_SELECTOR, 'input[placeholder=\"Password\"]')))\n        confirm_signin = WebDriverWait(self.browser, 5).until(\n            EC.presence_of_element_located((By.CSS_SELECTOR, 'button[class=\"btn btn-lg btn-primary pull-xs-right\"]')))\n    \n        email_input.send_keys(self.email)\n        password_input.send_keys(self.password)\n        confirm_signin.click()\n        time.sleep(1)\n    \n        #Kikeresem a kijelentkezés gombot\n    \n        #timoutexception\n>       logout_button = WebDriverWait(self.browser, 10).until(EC.presence_of_element_located((By.CSS_SELECTOR, 'a[active-class=\"active\"]')))\n\ntest/test_conduit.py:259: \n_ _ _ _ _ _ _ _ _ _ _ _ _ _ _ _ _ _ _ _ _ _ _ _ _ _ _ _ _ _ _ _ _ _ _ _ _ _ _ _ \n\nself = <selenium.webdriver.support.wait.WebDriverWait (session=\"3434cbcfdf2a5478e95d6a90a391dd4c\")>\nmethod = <function presence_of_element_located.<locals>._predicate at 0x7f87570aa320>\nmessage = ''\n\n    def until(self, method, message: str = \"\"):\n        \"\"\"Calls the method provided with the driver as an argument until the \\\n        return value does not evaluate to ``False``.\n    \n        :param method: callable(WebDriver)\n        :param message: optional message for :exc:`TimeoutException`\n        :returns: the result of the last call to `method`\n        :raises: :exc:`selenium.common.exceptions.TimeoutException` if timeout occurs\n        \"\"\"\n        screen = None\n        stacktrace = None\n    \n        end_time = time.monotonic() + self._timeout\n        while True:\n            try:\n                value = method(self._driver)\n                if value:\n                    return value\n            except self._ignored_exceptions as exc:\n                screen = getattr(exc, \"screen\", None)\n                stacktrace = getattr(exc, \"stacktrace\", None)\n            time.sleep(self._poll)\n            if time.monotonic() > end_time:\n                break\n>       raise TimeoutException(message, screen, stacktrace)\nE       selenium.common.exceptions.TimeoutException: Message: \nE       Stacktrace:\nE       #0 0x55ee583ab243 <unknown>\nE       #1 0x55ee5816f7a6 <unknown>\nE       #2 0x55ee581ac64d <unknown>\nE       #3 0x55ee581ac761 <unknown>\nE       #4 0x55ee581e7da4 <unknown>\nE       #5 0x55ee581cd0ad <unknown>\nE       #6 0x55ee581e5932 <unknown>\nE       #7 0x55ee581cce53 <unknown>\nE       #8 0x55ee5819f9ea <unknown>\nE       #9 0x55ee581a0b2e <unknown>\nE       #10 0x55ee583ffd5e <unknown>\nE       #11 0x55ee58403a80 <unknown>\nE       #12 0x55ee583e58b0 <unknown>\nE       #13 0x55ee58404b63 <unknown>\nE       #14 0x55ee583d6f75 <unknown>\nE       #15 0x55ee58427998 <unknown>\nE       #16 0x55ee58427b27 <unknown>\nE       #17 0x55ee58442c23 <unknown>\nE       #18 0x7f2494d57b43 <unknown>\n\n/opt/hostedtoolcache/Python/3.10.10/x64/lib/python3.10/site-packages/selenium/webdriver/support/wait.py:95: TimeoutException","flaky":false,"newFailed":false,"newBroken":false,"newPassed":false,"retriesCount":0,"retriesStatusChange":false,"beforeStages":[{"name":"_xunit_setup_method_fixture_TestConduit","time":{"start":1680871198635,"stop":1680871199833,"duration":1198},"status":"passed","steps":[],"attachments":[],"parameters":[],"stepsCount":0,"attachmentsCount":0,"shouldDisplayMessage":false,"hasContent":false}],"afterStages":[{"name":"_xunit_setup_method_fixture_TestConduit::0","time":{"start":1680871211306,"stop":1680871212307,"duration":1001},"status":"passed","steps":[],"attachments":[],"parameters":[],"stepsCount":0,"attachmentsCount":0,"shouldDisplayMessage":false,"hasContent":false}],"labels":[{"name":"parentSuite","value":"test"},{"name":"suite","value":"test_conduit"},{"name":"subSuite","value":"TestConduit"},{"name":"host","value":"fv-az366-739"},{"name":"thread","value":"3097-MainThread"},{"name":"framework","value":"pytest"},{"name":"language","value":"cpython3"},{"name":"package","value":"test.test_conduit"},{"name":"resultFormat","value":"allure2"}],"parameters":[],"links":[],"hidden":false,"retry":false,"extra":{"severity":"normal","retries":[],"categories":[{"name":"Test defects","matchedStatuses":[],"flaky":false}],"tags":[]},"source":"ad889bbef4cd0e8c.json","parameterValues":[]}