{"uid":"310fc5752e0a8816","name":"test_logout","fullName":"test.test_conduit.TestConduit#test_logout","historyId":"2d54cfc625c2b1ae70e58e076de50a5c","time":{"start":1681114495939,"stop":1681114502468,"duration":6529},"status":"broken","statusMessage":"selenium.common.exceptions.TimeoutException: Message: \nStacktrace:\n#0 0x562809ca0243 <unknown>\n#1 0x562809a647a6 <unknown>\n#2 0x562809aa164d <unknown>\n#3 0x562809aa1761 <unknown>\n#4 0x562809adcda4 <unknown>\n#5 0x562809ac20ad <unknown>\n#6 0x562809ada932 <unknown>\n#7 0x562809ac1e53 <unknown>\n#8 0x562809a949ea <unknown>\n#9 0x562809a95b2e <unknown>\n#10 0x562809cf4d5e <unknown>\n#11 0x562809cf8a80 <unknown>\n#12 0x562809cda8b0 <unknown>\n#13 0x562809cf9b63 <unknown>\n#14 0x562809ccbf75 <unknown>\n#15 0x562809d1c998 <unknown>\n#16 0x562809d1cb27 <unknown>\n#17 0x562809d37c23 <unknown>\n#18 0x7f881fc1db43 <unknown>","statusTrace":"self = <test_conduit.TestConduit object at 0x7fbdeacbd630>\n\n    def test_logout(self):\n    \n        login(self.browser)\n    \n        #Kikeresem a kijelentkezés gombot\n        allure.attach(self.browser.get_screenshot_as_png(),\n                    name=\"test_logout\",\n                    attachment_type=allure.attachment_type.PNG)\n    \n>       logout_button = WebDriverWait(self.browser, 5).until(\n                        EC.presence_of_element_located((By.PARTIAL_LINK_TEXT, 'Log out')))\n\ntest/test_conduit.py:270: \n_ _ _ _ _ _ _ _ _ _ _ _ _ _ _ _ _ _ _ _ _ _ _ _ _ _ _ _ _ _ _ _ _ _ _ _ _ _ _ _ \n\nself = <selenium.webdriver.support.wait.WebDriverWait (session=\"cd11d4cf1ad537943901c87b390ed6c7\")>\nmethod = <function presence_of_element_located.<locals>._predicate at 0x7fbde9bc1c60>\nmessage = ''\n\n    def until(self, method, message: str = \"\"):\n        \"\"\"Calls the method provided with the driver as an argument until the \\\n        return value does not evaluate to ``False``.\n    \n        :param method: callable(WebDriver)\n        :param message: optional message for :exc:`TimeoutException`\n        :returns: the result of the last call to `method`\n        :raises: :exc:`selenium.common.exceptions.TimeoutException` if timeout occurs\n        \"\"\"\n        screen = None\n        stacktrace = None\n    \n        end_time = time.monotonic() + self._timeout\n        while True:\n            try:\n                value = method(self._driver)\n                if value:\n                    return value\n            except self._ignored_exceptions as exc:\n                screen = getattr(exc, \"screen\", None)\n                stacktrace = getattr(exc, \"stacktrace\", None)\n            time.sleep(self._poll)\n            if time.monotonic() > end_time:\n                break\n>       raise TimeoutException(message, screen, stacktrace)\nE       selenium.common.exceptions.TimeoutException: Message: \nE       Stacktrace:\nE       #0 0x562809ca0243 <unknown>\nE       #1 0x562809a647a6 <unknown>\nE       #2 0x562809aa164d <unknown>\nE       #3 0x562809aa1761 <unknown>\nE       #4 0x562809adcda4 <unknown>\nE       #5 0x562809ac20ad <unknown>\nE       #6 0x562809ada932 <unknown>\nE       #7 0x562809ac1e53 <unknown>\nE       #8 0x562809a949ea <unknown>\nE       #9 0x562809a95b2e <unknown>\nE       #10 0x562809cf4d5e <unknown>\nE       #11 0x562809cf8a80 <unknown>\nE       #12 0x562809cda8b0 <unknown>\nE       #13 0x562809cf9b63 <unknown>\nE       #14 0x562809ccbf75 <unknown>\nE       #15 0x562809d1c998 <unknown>\nE       #16 0x562809d1cb27 <unknown>\nE       #17 0x562809d37c23 <unknown>\nE       #18 0x7f881fc1db43 <unknown>\n\n/opt/hostedtoolcache/Python/3.10.10/x64/lib/python3.10/site-packages/selenium/webdriver/support/wait.py:95: TimeoutException","flaky":false,"newFailed":false,"newBroken":false,"newPassed":false,"retriesCount":0,"retriesStatusChange":false,"beforeStages":[{"name":"_xunit_setup_method_fixture_TestConduit","time":{"start":1681114494718,"stop":1681114495938,"duration":1220},"status":"passed","steps":[],"attachments":[],"parameters":[],"stepsCount":0,"attachmentsCount":0,"shouldDisplayMessage":false,"hasContent":false}],"testStage":{"status":"broken","statusMessage":"selenium.common.exceptions.TimeoutException: Message: \nStacktrace:\n#0 0x562809ca0243 <unknown>\n#1 0x562809a647a6 <unknown>\n#2 0x562809aa164d <unknown>\n#3 0x562809aa1761 <unknown>\n#4 0x562809adcda4 <unknown>\n#5 0x562809ac20ad <unknown>\n#6 0x562809ada932 <unknown>\n#7 0x562809ac1e53 <unknown>\n#8 0x562809a949ea <unknown>\n#9 0x562809a95b2e <unknown>\n#10 0x562809cf4d5e <unknown>\n#11 0x562809cf8a80 <unknown>\n#12 0x562809cda8b0 <unknown>\n#13 0x562809cf9b63 <unknown>\n#14 0x562809ccbf75 <unknown>\n#15 0x562809d1c998 <unknown>\n#16 0x562809d1cb27 <unknown>\n#17 0x562809d37c23 <unknown>\n#18 0x7f881fc1db43 <unknown>","statusTrace":"self = <test_conduit.TestConduit object at 0x7fbdeacbd630>\n\n    def test_logout(self):\n    \n        login(self.browser)\n    \n        #Kikeresem a kijelentkezés gombot\n        allure.attach(self.browser.get_screenshot_as_png(),\n                    name=\"test_logout\",\n                    attachment_type=allure.attachment_type.PNG)\n    \n>       logout_button = WebDriverWait(self.browser, 5).until(\n                        EC.presence_of_element_located((By.PARTIAL_LINK_TEXT, 'Log out')))\n\ntest/test_conduit.py:270: \n_ _ _ _ _ _ _ _ _ _ _ _ _ _ _ _ _ _ _ _ _ _ _ _ _ _ _ _ _ _ _ _ _ _ _ _ _ _ _ _ \n\nself = <selenium.webdriver.support.wait.WebDriverWait (session=\"cd11d4cf1ad537943901c87b390ed6c7\")>\nmethod = <function presence_of_element_located.<locals>._predicate at 0x7fbde9bc1c60>\nmessage = ''\n\n    def until(self, method, message: str = \"\"):\n        \"\"\"Calls the method provided with the driver as an argument until the \\\n        return value does not evaluate to ``False``.\n    \n        :param method: callable(WebDriver)\n        :param message: optional message for :exc:`TimeoutException`\n        :returns: the result of the last call to `method`\n        :raises: :exc:`selenium.common.exceptions.TimeoutException` if timeout occurs\n        \"\"\"\n        screen = None\n        stacktrace = None\n    \n        end_time = time.monotonic() + self._timeout\n        while True:\n            try:\n                value = method(self._driver)\n                if value:\n                    return value\n            except self._ignored_exceptions as exc:\n                screen = getattr(exc, \"screen\", None)\n                stacktrace = getattr(exc, \"stacktrace\", None)\n            time.sleep(self._poll)\n            if time.monotonic() > end_time:\n                break\n>       raise TimeoutException(message, screen, stacktrace)\nE       selenium.common.exceptions.TimeoutException: Message: \nE       Stacktrace:\nE       #0 0x562809ca0243 <unknown>\nE       #1 0x562809a647a6 <unknown>\nE       #2 0x562809aa164d <unknown>\nE       #3 0x562809aa1761 <unknown>\nE       #4 0x562809adcda4 <unknown>\nE       #5 0x562809ac20ad <unknown>\nE       #6 0x562809ada932 <unknown>\nE       #7 0x562809ac1e53 <unknown>\nE       #8 0x562809a949ea <unknown>\nE       #9 0x562809a95b2e <unknown>\nE       #10 0x562809cf4d5e <unknown>\nE       #11 0x562809cf8a80 <unknown>\nE       #12 0x562809cda8b0 <unknown>\nE       #13 0x562809cf9b63 <unknown>\nE       #14 0x562809ccbf75 <unknown>\nE       #15 0x562809d1c998 <unknown>\nE       #16 0x562809d1cb27 <unknown>\nE       #17 0x562809d37c23 <unknown>\nE       #18 0x7f881fc1db43 <unknown>\n\n/opt/hostedtoolcache/Python/3.10.10/x64/lib/python3.10/site-packages/selenium/webdriver/support/wait.py:95: TimeoutException","steps":[],"attachments":[{"uid":"ed334b6b164ebf3e","name":"test_logout","source":"ed334b6b164ebf3e.png","type":"image/png","size":53371}],"parameters":[],"stepsCount":0,"attachmentsCount":1,"shouldDisplayMessage":true,"hasContent":true},"afterStages":[{"name":"_xunit_setup_method_fixture_TestConduit::0","time":{"start":1681114502477,"stop":1681114503478,"duration":1001},"status":"passed","steps":[],"attachments":[],"parameters":[],"stepsCount":0,"attachmentsCount":0,"shouldDisplayMessage":false,"hasContent":false}],"labels":[{"name":"parentSuite","value":"test"},{"name":"suite","value":"test_conduit"},{"name":"subSuite","value":"TestConduit"},{"name":"host","value":"fv-az306-245"},{"name":"thread","value":"3158-MainThread"},{"name":"framework","value":"pytest"},{"name":"language","value":"cpython3"},{"name":"package","value":"test.test_conduit"},{"name":"resultFormat","value":"allure2"}],"parameters":[],"links":[],"hidden":false,"retry":false,"extra":{"severity":"normal","retries":[],"categories":[{"name":"Test defects","matchedStatuses":[],"flaky":false}],"tags":[]},"source":"310fc5752e0a8816.json","parameterValues":[]}