{"uid":"b237a0567a73065a","name":"test_new_data","fullName":"test.test_conduit.TestConduit#test_new_data","historyId":"31b6af9fa7a431376e8d5bae6d0c19a0","time":{"start":1681114478698,"stop":1681114485155,"duration":6457},"status":"broken","statusMessage":"selenium.common.exceptions.TimeoutException: Message: \nStacktrace:\n#0 0x55cc6a810243 <unknown>\n#1 0x55cc6a5d47a6 <unknown>\n#2 0x55cc6a61164d <unknown>\n#3 0x55cc6a611761 <unknown>\n#4 0x55cc6a64cda4 <unknown>\n#5 0x55cc6a6320ad <unknown>\n#6 0x55cc6a64a932 <unknown>\n#7 0x55cc6a631e53 <unknown>\n#8 0x55cc6a6049ea <unknown>\n#9 0x55cc6a605b2e <unknown>\n#10 0x55cc6a864d5e <unknown>\n#11 0x55cc6a868a80 <unknown>\n#12 0x55cc6a84a8b0 <unknown>\n#13 0x55cc6a869b63 <unknown>\n#14 0x55cc6a83bf75 <unknown>\n#15 0x55cc6a88c998 <unknown>\n#16 0x55cc6a88cb27 <unknown>\n#17 0x55cc6a8a7c23 <unknown>\n#18 0x7fb90c306b43 <unknown>","statusTrace":"self = <test_conduit.TestConduit object at 0x7fbdeacbe530>\n\n    def test_new_data(self):\n    \n        login(self.browser)\n    \n        # Kikeresem és rányomok az új bejegyzés létrehozására\n    \n>       new_article_btn = WebDriverWait(self.browser, 5).until(\n            EC.presence_of_element_located((By.XPATH, '//a[@href=\"#/editor\"]')))\n\ntest/test_conduit.py:152: \n_ _ _ _ _ _ _ _ _ _ _ _ _ _ _ _ _ _ _ _ _ _ _ _ _ _ _ _ _ _ _ _ _ _ _ _ _ _ _ _ \n\nself = <selenium.webdriver.support.wait.WebDriverWait (session=\"0515561d20adfd12fdf26d2f87eaa098\")>\nmethod = <function presence_of_element_located.<locals>._predicate at 0x7fbde9bc2cb0>\nmessage = ''\n\n    def until(self, method, message: str = \"\"):\n        \"\"\"Calls the method provided with the driver as an argument until the \\\n        return value does not evaluate to ``False``.\n    \n        :param method: callable(WebDriver)\n        :param message: optional message for :exc:`TimeoutException`\n        :returns: the result of the last call to `method`\n        :raises: :exc:`selenium.common.exceptions.TimeoutException` if timeout occurs\n        \"\"\"\n        screen = None\n        stacktrace = None\n    \n        end_time = time.monotonic() + self._timeout\n        while True:\n            try:\n                value = method(self._driver)\n                if value:\n                    return value\n            except self._ignored_exceptions as exc:\n                screen = getattr(exc, \"screen\", None)\n                stacktrace = getattr(exc, \"stacktrace\", None)\n            time.sleep(self._poll)\n            if time.monotonic() > end_time:\n                break\n>       raise TimeoutException(message, screen, stacktrace)\nE       selenium.common.exceptions.TimeoutException: Message: \nE       Stacktrace:\nE       #0 0x55cc6a810243 <unknown>\nE       #1 0x55cc6a5d47a6 <unknown>\nE       #2 0x55cc6a61164d <unknown>\nE       #3 0x55cc6a611761 <unknown>\nE       #4 0x55cc6a64cda4 <unknown>\nE       #5 0x55cc6a6320ad <unknown>\nE       #6 0x55cc6a64a932 <unknown>\nE       #7 0x55cc6a631e53 <unknown>\nE       #8 0x55cc6a6049ea <unknown>\nE       #9 0x55cc6a605b2e <unknown>\nE       #10 0x55cc6a864d5e <unknown>\nE       #11 0x55cc6a868a80 <unknown>\nE       #12 0x55cc6a84a8b0 <unknown>\nE       #13 0x55cc6a869b63 <unknown>\nE       #14 0x55cc6a83bf75 <unknown>\nE       #15 0x55cc6a88c998 <unknown>\nE       #16 0x55cc6a88cb27 <unknown>\nE       #17 0x55cc6a8a7c23 <unknown>\nE       #18 0x7fb90c306b43 <unknown>\n\n/opt/hostedtoolcache/Python/3.10.10/x64/lib/python3.10/site-packages/selenium/webdriver/support/wait.py:95: TimeoutException","flaky":false,"newFailed":false,"newBroken":false,"newPassed":false,"retriesCount":0,"retriesStatusChange":false,"beforeStages":[{"name":"_xunit_setup_method_fixture_TestConduit","time":{"start":1681114477528,"stop":1681114478698,"duration":1170},"status":"passed","steps":[],"attachments":[],"parameters":[],"stepsCount":0,"attachmentsCount":0,"shouldDisplayMessage":false,"hasContent":false}],"afterStages":[{"name":"_xunit_setup_method_fixture_TestConduit::0","time":{"start":1681114485164,"stop":1681114486165,"duration":1001},"status":"passed","steps":[],"attachments":[],"parameters":[],"stepsCount":0,"attachmentsCount":0,"shouldDisplayMessage":false,"hasContent":false}],"labels":[{"name":"parentSuite","value":"test"},{"name":"suite","value":"test_conduit"},{"name":"subSuite","value":"TestConduit"},{"name":"host","value":"fv-az306-245"},{"name":"thread","value":"3158-MainThread"},{"name":"framework","value":"pytest"},{"name":"language","value":"cpython3"},{"name":"package","value":"test.test_conduit"},{"name":"resultFormat","value":"allure2"}],"parameters":[],"links":[],"hidden":false,"retry":false,"extra":{"severity":"normal","retries":[],"categories":[{"name":"Test defects","matchedStatuses":[],"flaky":false}],"tags":[]},"source":"b237a0567a73065a.json","parameterValues":[]}