{"uid":"1b107104e2593ec3","name":"test_new_data","fullName":"test.test_conduit.TestConduit#test_new_data","historyId":"31b6af9fa7a431376e8d5bae6d0c19a0","time":{"start":1680980005792,"stop":1680980012153,"duration":6361},"status":"broken","statusMessage":"selenium.common.exceptions.TimeoutException: Message: \nStacktrace:\n#0 0x5583fe78a243 <unknown>\n#1 0x5583fe54e7a6 <unknown>\n#2 0x5583fe58b64d <unknown>\n#3 0x5583fe58b761 <unknown>\n#4 0x5583fe5c6da4 <unknown>\n#5 0x5583fe5ac0ad <unknown>\n#6 0x5583fe5c4932 <unknown>\n#7 0x5583fe5abe53 <unknown>\n#8 0x5583fe57e9ea <unknown>\n#9 0x5583fe57fb2e <unknown>\n#10 0x5583fe7ded5e <unknown>\n#11 0x5583fe7e2a80 <unknown>\n#12 0x5583fe7c48b0 <unknown>\n#13 0x5583fe7e3b63 <unknown>\n#14 0x5583fe7b5f75 <unknown>\n#15 0x5583fe806998 <unknown>\n#16 0x5583fe806b27 <unknown>\n#17 0x5583fe821c23 <unknown>\n#18 0x7f781fb37b43 <unknown>","statusTrace":"self = <test_conduit.TestConduit object at 0x7f3c610e9d50>\n\n    def test_new_data(self):\n    \n        login(self.browser)\n    \n        # Kikeresem és rányomok az új bejegyzés létrehozására\n    \n>       new_article_btn = WebDriverWait(self.browser, 5).until(\n            EC.presence_of_element_located((By.XPATH, '//a[@href=\"#/editor\"]')))\n\ntest/test_conduit.py:147: \n_ _ _ _ _ _ _ _ _ _ _ _ _ _ _ _ _ _ _ _ _ _ _ _ _ _ _ _ _ _ _ _ _ _ _ _ _ _ _ _ \n\nself = <selenium.webdriver.support.wait.WebDriverWait (session=\"4101268321c941d49686a61733b504f0\")>\nmethod = <function presence_of_element_located.<locals>._predicate at 0x7f3c60ffab00>\nmessage = ''\n\n    def until(self, method, message: str = \"\"):\n        \"\"\"Calls the method provided with the driver as an argument until the \\\n        return value does not evaluate to ``False``.\n    \n        :param method: callable(WebDriver)\n        :param message: optional message for :exc:`TimeoutException`\n        :returns: the result of the last call to `method`\n        :raises: :exc:`selenium.common.exceptions.TimeoutException` if timeout occurs\n        \"\"\"\n        screen = None\n        stacktrace = None\n    \n        end_time = time.monotonic() + self._timeout\n        while True:\n            try:\n                value = method(self._driver)\n                if value:\n                    return value\n            except self._ignored_exceptions as exc:\n                screen = getattr(exc, \"screen\", None)\n                stacktrace = getattr(exc, \"stacktrace\", None)\n            time.sleep(self._poll)\n            if time.monotonic() > end_time:\n                break\n>       raise TimeoutException(message, screen, stacktrace)\nE       selenium.common.exceptions.TimeoutException: Message: \nE       Stacktrace:\nE       #0 0x5583fe78a243 <unknown>\nE       #1 0x5583fe54e7a6 <unknown>\nE       #2 0x5583fe58b64d <unknown>\nE       #3 0x5583fe58b761 <unknown>\nE       #4 0x5583fe5c6da4 <unknown>\nE       #5 0x5583fe5ac0ad <unknown>\nE       #6 0x5583fe5c4932 <unknown>\nE       #7 0x5583fe5abe53 <unknown>\nE       #8 0x5583fe57e9ea <unknown>\nE       #9 0x5583fe57fb2e <unknown>\nE       #10 0x5583fe7ded5e <unknown>\nE       #11 0x5583fe7e2a80 <unknown>\nE       #12 0x5583fe7c48b0 <unknown>\nE       #13 0x5583fe7e3b63 <unknown>\nE       #14 0x5583fe7b5f75 <unknown>\nE       #15 0x5583fe806998 <unknown>\nE       #16 0x5583fe806b27 <unknown>\nE       #17 0x5583fe821c23 <unknown>\nE       #18 0x7f781fb37b43 <unknown>\n\n/opt/hostedtoolcache/Python/3.10.10/x64/lib/python3.10/site-packages/selenium/webdriver/support/wait.py:95: TimeoutException","flaky":false,"newFailed":false,"newBroken":false,"newPassed":false,"retriesCount":0,"retriesStatusChange":false,"beforeStages":[{"name":"_xunit_setup_method_fixture_TestConduit","time":{"start":1680980004624,"stop":1680980005791,"duration":1167},"status":"passed","steps":[],"attachments":[],"parameters":[],"stepsCount":0,"attachmentsCount":0,"shouldDisplayMessage":false,"hasContent":false}],"afterStages":[{"name":"_xunit_setup_method_fixture_TestConduit::0","time":{"start":1680980012162,"stop":1680980013163,"duration":1001},"status":"passed","steps":[],"attachments":[],"parameters":[],"stepsCount":0,"attachmentsCount":0,"shouldDisplayMessage":false,"hasContent":false}],"labels":[{"name":"parentSuite","value":"test"},{"name":"suite","value":"test_conduit"},{"name":"subSuite","value":"TestConduit"},{"name":"host","value":"fv-az749-884"},{"name":"thread","value":"3104-MainThread"},{"name":"framework","value":"pytest"},{"name":"language","value":"cpython3"},{"name":"package","value":"test.test_conduit"},{"name":"resultFormat","value":"allure2"}],"parameters":[],"links":[],"hidden":false,"retry":false,"extra":{"severity":"normal","retries":[],"categories":[{"name":"Test defects","matchedStatuses":[],"flaky":false}],"tags":[]},"source":"1b107104e2593ec3.json","parameterValues":[]}