{"uid":"9c51d9616b466bbb","name":"test_logout","fullName":"test.test_conduit.TestConduit#test_logout","historyId":"2d54cfc625c2b1ae70e58e076de50a5c","time":{"start":1680980017840,"stop":1680980024214,"duration":6374},"status":"broken","statusMessage":"selenium.common.exceptions.TimeoutException: Message: \nStacktrace:\n#0 0x5591d4c93243 <unknown>\n#1 0x5591d4a577a6 <unknown>\n#2 0x5591d4a9464d <unknown>\n#3 0x5591d4a94761 <unknown>\n#4 0x5591d4acfda4 <unknown>\n#5 0x5591d4ab50ad <unknown>\n#6 0x5591d4acd932 <unknown>\n#7 0x5591d4ab4e53 <unknown>\n#8 0x5591d4a879ea <unknown>\n#9 0x5591d4a88b2e <unknown>\n#10 0x5591d4ce7d5e <unknown>\n#11 0x5591d4ceba80 <unknown>\n#12 0x5591d4ccd8b0 <unknown>\n#13 0x5591d4cecb63 <unknown>\n#14 0x5591d4cbef75 <unknown>\n#15 0x5591d4d0f998 <unknown>\n#16 0x5591d4d0fb27 <unknown>\n#17 0x5591d4d2ac23 <unknown>\n#18 0x7fad1d7ecb43 <unknown>","statusTrace":"self = <test_conduit.TestConduit object at 0x7f3c610e8eb0>\n\n    def test_logout(self):\n    \n        login(self.browser)\n    \n        #Kikeresem a kijelentkezÃ©s gombot\n    \n>       logout_button = WebDriverWait(self.browser, 5).until(\n                        EC.presence_of_element_located((By.PARTIAL_LINK_TEXT, 'Log out')))\n\ntest/test_conduit.py:261: \n_ _ _ _ _ _ _ _ _ _ _ _ _ _ _ _ _ _ _ _ _ _ _ _ _ _ _ _ _ _ _ _ _ _ _ _ _ _ _ _ \n\nself = <selenium.webdriver.support.wait.WebDriverWait (session=\"e676a27230fdd233fde4966f77ef4d8b\")>\nmethod = <function presence_of_element_located.<locals>._predicate at 0x7f3c60ffa560>\nmessage = ''\n\n    def until(self, method, message: str = \"\"):\n        \"\"\"Calls the method provided with the driver as an argument until the \\\n        return value does not evaluate to ``False``.\n    \n        :param method: callable(WebDriver)\n        :param message: optional message for :exc:`TimeoutException`\n        :returns: the result of the last call to `method`\n        :raises: :exc:`selenium.common.exceptions.TimeoutException` if timeout occurs\n        \"\"\"\n        screen = None\n        stacktrace = None\n    \n        end_time = time.monotonic() + self._timeout\n        while True:\n            try:\n                value = method(self._driver)\n                if value:\n                    return value\n            except self._ignored_exceptions as exc:\n                screen = getattr(exc, \"screen\", None)\n                stacktrace = getattr(exc, \"stacktrace\", None)\n            time.sleep(self._poll)\n            if time.monotonic() > end_time:\n                break\n>       raise TimeoutException(message, screen, stacktrace)\nE       selenium.common.exceptions.TimeoutException: Message: \nE       Stacktrace:\nE       #0 0x5591d4c93243 <unknown>\nE       #1 0x5591d4a577a6 <unknown>\nE       #2 0x5591d4a9464d <unknown>\nE       #3 0x5591d4a94761 <unknown>\nE       #4 0x5591d4acfda4 <unknown>\nE       #5 0x5591d4ab50ad <unknown>\nE       #6 0x5591d4acd932 <unknown>\nE       #7 0x5591d4ab4e53 <unknown>\nE       #8 0x5591d4a879ea <unknown>\nE       #9 0x5591d4a88b2e <unknown>\nE       #10 0x5591d4ce7d5e <unknown>\nE       #11 0x5591d4ceba80 <unknown>\nE       #12 0x5591d4ccd8b0 <unknown>\nE       #13 0x5591d4cecb63 <unknown>\nE       #14 0x5591d4cbef75 <unknown>\nE       #15 0x5591d4d0f998 <unknown>\nE       #16 0x5591d4d0fb27 <unknown>\nE       #17 0x5591d4d2ac23 <unknown>\nE       #18 0x7fad1d7ecb43 <unknown>\n\n/opt/hostedtoolcache/Python/3.10.10/x64/lib/python3.10/site-packages/selenium/webdriver/support/wait.py:95: TimeoutException","flaky":false,"newFailed":false,"newBroken":false,"newPassed":false,"retriesCount":0,"retriesStatusChange":false,"beforeStages":[{"name":"_xunit_setup_method_fixture_TestConduit","time":{"start":1680980016615,"stop":1680980017840,"duration":1225},"status":"passed","steps":[],"attachments":[],"parameters":[],"stepsCount":0,"attachmentsCount":0,"shouldDisplayMessage":false,"hasContent":false}],"afterStages":[{"name":"_xunit_setup_method_fixture_TestConduit::0","time":{"start":1680980024222,"stop":1680980025223,"duration":1001},"status":"passed","steps":[],"attachments":[],"parameters":[],"stepsCount":0,"attachmentsCount":0,"shouldDisplayMessage":false,"hasContent":false}],"labels":[{"name":"parentSuite","value":"test"},{"name":"suite","value":"test_conduit"},{"name":"subSuite","value":"TestConduit"},{"name":"host","value":"fv-az749-884"},{"name":"thread","value":"3104-MainThread"},{"name":"framework","value":"pytest"},{"name":"language","value":"cpython3"},{"name":"package","value":"test.test_conduit"},{"name":"resultFormat","value":"allure2"}],"parameters":[],"links":[],"hidden":false,"retry":false,"extra":{"severity":"normal","retries":[],"categories":[{"name":"Test defects","matchedStatuses":[],"flaky":false}],"tags":[]},"source":"9c51d9616b466bbb.json","parameterValues":[]}