{"uid":"5d59477d6818d538","name":"test_new_data","fullName":"test.test_conduit.TestConduit#test_new_data","historyId":"31b6af9fa7a431376e8d5bae6d0c19a0","time":{"start":1680884926096,"stop":1680885016574,"duration":90478},"status":"broken","statusMessage":"selenium.common.exceptions.TimeoutException: Message: \nStacktrace:\n#0 0x556297140243 <unknown>\n#1 0x556296f047a6 <unknown>\n#2 0x556296f4164d <unknown>\n#3 0x556296f41761 <unknown>\n#4 0x556296f7cda4 <unknown>\n#5 0x556296f620ad <unknown>\n#6 0x556296f7a932 <unknown>\n#7 0x556296f61e53 <unknown>\n#8 0x556296f349ea <unknown>\n#9 0x556296f35b2e <unknown>\n#10 0x556297194d5e <unknown>\n#11 0x556297198a80 <unknown>\n#12 0x55629717a8b0 <unknown>\n#13 0x556297199b63 <unknown>\n#14 0x55629716bf75 <unknown>\n#15 0x5562971bc998 <unknown>\n#16 0x5562971bcb27 <unknown>\n#17 0x5562971d7c23 <unknown>\n#18 0x7f121b0c7b43 <unknown>","statusTrace":"self = <test_conduit.TestConduit object at 0x7f8cac6a0d30>\n\n    def test_new_data(self):\n        # Bejelentkezés\n    \n        signin_button = self.browser.find_element(By.CSS_SELECTOR, 'a[href = \"#/login\"]')\n        signin_button.click()\n    \n        email_input = WebDriverWait(self.browser, 5).until(\n            EC.presence_of_element_located((By.CSS_SELECTOR, 'input[placeholder=\"Email\"]')))\n        password_input = WebDriverWait(self.browser, 5).until(\n            EC.presence_of_element_located((By.CSS_SELECTOR, 'input[placeholder=\"Password\"]')))\n        confirm_signin = WebDriverWait(self.browser, 5).until(\n            EC.presence_of_element_located((By.CSS_SELECTOR, 'button[class=\"btn btn-lg btn-primary pull-xs-right\"]')))\n    \n        email_input.send_keys(self.email)\n        password_input.send_keys(self.password)\n        confirm_signin.click()\n        time.sleep(30)\n    \n        # Új bejegyzés létrehozása\n    \n        # Kikeresem és rányomok az új bejegyzés létrehozására\n        #timeoutexception\n>       new_article_btn = WebDriverWait(self.browser, 60).until(EC.presence_of_element_located((By.CSS_SELECTOR, 'a[href=\"#/editor\"]')))\n\ntest/test_conduit.py:182: \n_ _ _ _ _ _ _ _ _ _ _ _ _ _ _ _ _ _ _ _ _ _ _ _ _ _ _ _ _ _ _ _ _ _ _ _ _ _ _ _ \n\nself = <selenium.webdriver.support.wait.WebDriverWait (session=\"db8928e8d3e4ed9594d6ec6e1e5cdf36\")>\nmethod = <function presence_of_element_located.<locals>._predicate at 0x7f8cac5a53f0>\nmessage = ''\n\n    def until(self, method, message: str = \"\"):\n        \"\"\"Calls the method provided with the driver as an argument until the \\\n        return value does not evaluate to ``False``.\n    \n        :param method: callable(WebDriver)\n        :param message: optional message for :exc:`TimeoutException`\n        :returns: the result of the last call to `method`\n        :raises: :exc:`selenium.common.exceptions.TimeoutException` if timeout occurs\n        \"\"\"\n        screen = None\n        stacktrace = None\n    \n        end_time = time.monotonic() + self._timeout\n        while True:\n            try:\n                value = method(self._driver)\n                if value:\n                    return value\n            except self._ignored_exceptions as exc:\n                screen = getattr(exc, \"screen\", None)\n                stacktrace = getattr(exc, \"stacktrace\", None)\n            time.sleep(self._poll)\n            if time.monotonic() > end_time:\n                break\n>       raise TimeoutException(message, screen, stacktrace)\nE       selenium.common.exceptions.TimeoutException: Message: \nE       Stacktrace:\nE       #0 0x556297140243 <unknown>\nE       #1 0x556296f047a6 <unknown>\nE       #2 0x556296f4164d <unknown>\nE       #3 0x556296f41761 <unknown>\nE       #4 0x556296f7cda4 <unknown>\nE       #5 0x556296f620ad <unknown>\nE       #6 0x556296f7a932 <unknown>\nE       #7 0x556296f61e53 <unknown>\nE       #8 0x556296f349ea <unknown>\nE       #9 0x556296f35b2e <unknown>\nE       #10 0x556297194d5e <unknown>\nE       #11 0x556297198a80 <unknown>\nE       #12 0x55629717a8b0 <unknown>\nE       #13 0x556297199b63 <unknown>\nE       #14 0x55629716bf75 <unknown>\nE       #15 0x5562971bc998 <unknown>\nE       #16 0x5562971bcb27 <unknown>\nE       #17 0x5562971d7c23 <unknown>\nE       #18 0x7f121b0c7b43 <unknown>\n\n/opt/hostedtoolcache/Python/3.10.10/x64/lib/python3.10/site-packages/selenium/webdriver/support/wait.py:95: TimeoutException","flaky":false,"newFailed":false,"newBroken":false,"newPassed":false,"retriesCount":0,"retriesStatusChange":false,"beforeStages":[{"name":"_xunit_setup_method_fixture_TestConduit","time":{"start":1680884924937,"stop":1680884926095,"duration":1158},"status":"passed","steps":[],"attachments":[],"parameters":[],"stepsCount":0,"attachmentsCount":0,"shouldDisplayMessage":false,"hasContent":false}],"afterStages":[{"name":"_xunit_setup_method_fixture_TestConduit::0","time":{"start":1680885016583,"stop":1680885017584,"duration":1001},"status":"passed","steps":[],"attachments":[],"parameters":[],"stepsCount":0,"attachmentsCount":0,"shouldDisplayMessage":false,"hasContent":false}],"labels":[{"name":"parentSuite","value":"test"},{"name":"suite","value":"test_conduit"},{"name":"subSuite","value":"TestConduit"},{"name":"host","value":"fv-az646-596"},{"name":"thread","value":"3067-MainThread"},{"name":"framework","value":"pytest"},{"name":"language","value":"cpython3"},{"name":"package","value":"test.test_conduit"},{"name":"resultFormat","value":"allure2"}],"parameters":[],"links":[],"hidden":false,"retry":false,"extra":{"severity":"normal","retries":[],"categories":[{"name":"Test defects","matchedStatuses":[],"flaky":false}],"tags":[]},"source":"5d59477d6818d538.json","parameterValues":[]}