{"uid":"bfad4034cd31ed80","name":"test_logout","fullName":"test.test_conduit.TestConduit#test_logout","historyId":"2d54cfc625c2b1ae70e58e076de50a5c","time":{"start":1680885018744,"stop":1680885109206,"duration":90462},"status":"broken","statusMessage":"selenium.common.exceptions.TimeoutException: Message: \nStacktrace:\n#0 0x55e974d30243 <unknown>\n#1 0x55e974af47a6 <unknown>\n#2 0x55e974b3164d <unknown>\n#3 0x55e974b31761 <unknown>\n#4 0x55e974b6cda4 <unknown>\n#5 0x55e974b520ad <unknown>\n#6 0x55e974b6a932 <unknown>\n#7 0x55e974b51e53 <unknown>\n#8 0x55e974b249ea <unknown>\n#9 0x55e974b25b2e <unknown>\n#10 0x55e974d84d5e <unknown>\n#11 0x55e974d88a80 <unknown>\n#12 0x55e974d6a8b0 <unknown>\n#13 0x55e974d89b63 <unknown>\n#14 0x55e974d5bf75 <unknown>\n#15 0x55e974dac998 <unknown>\n#16 0x55e974dacb27 <unknown>\n#17 0x55e974dc7c23 <unknown>\n#18 0x7f39068b8b43 <unknown>","statusTrace":"self = <test_conduit.TestConduit object at 0x7f8cac6a0e80>\n\n    def test_logout(self):\n        # Bejelentkezés\n    \n        signin_button = self.browser.find_element(By.CSS_SELECTOR, 'a[href = \"#/login\"]')\n        signin_button.click()\n    \n        email_input = WebDriverWait(self.browser, 5).until(\n            EC.presence_of_element_located((By.CSS_SELECTOR, 'input[placeholder=\"Email\"]')))\n        password_input = WebDriverWait(self.browser, 5).until(\n            EC.presence_of_element_located((By.CSS_SELECTOR, 'input[placeholder=\"Password\"]')))\n        confirm_signin = WebDriverWait(self.browser, 5).until(\n            EC.presence_of_element_located((By.CSS_SELECTOR, 'button[class=\"btn btn-lg btn-primary pull-xs-right\"]')))\n    \n        email_input.send_keys(self.email)\n        password_input.send_keys(self.password)\n        confirm_signin.click()\n        time.sleep(30)\n    \n        #Kikeresem a kijelentkezés gombot\n    \n        #timoutexception\n>       logout_button = WebDriverWait(self.browser, 60).until(EC.presence_of_element_located((By.CSS_SELECTOR, 'a[active-class=\"active\"]')))\n\ntest/test_conduit.py:261: \n_ _ _ _ _ _ _ _ _ _ _ _ _ _ _ _ _ _ _ _ _ _ _ _ _ _ _ _ _ _ _ _ _ _ _ _ _ _ _ _ \n\nself = <selenium.webdriver.support.wait.WebDriverWait (session=\"4c3cbc2666667c25b56449b1cd51b123\")>\nmethod = <function presence_of_element_located.<locals>._predicate at 0x7f8cac5a77f0>\nmessage = ''\n\n    def until(self, method, message: str = \"\"):\n        \"\"\"Calls the method provided with the driver as an argument until the \\\n        return value does not evaluate to ``False``.\n    \n        :param method: callable(WebDriver)\n        :param message: optional message for :exc:`TimeoutException`\n        :returns: the result of the last call to `method`\n        :raises: :exc:`selenium.common.exceptions.TimeoutException` if timeout occurs\n        \"\"\"\n        screen = None\n        stacktrace = None\n    \n        end_time = time.monotonic() + self._timeout\n        while True:\n            try:\n                value = method(self._driver)\n                if value:\n                    return value\n            except self._ignored_exceptions as exc:\n                screen = getattr(exc, \"screen\", None)\n                stacktrace = getattr(exc, \"stacktrace\", None)\n            time.sleep(self._poll)\n            if time.monotonic() > end_time:\n                break\n>       raise TimeoutException(message, screen, stacktrace)\nE       selenium.common.exceptions.TimeoutException: Message: \nE       Stacktrace:\nE       #0 0x55e974d30243 <unknown>\nE       #1 0x55e974af47a6 <unknown>\nE       #2 0x55e974b3164d <unknown>\nE       #3 0x55e974b31761 <unknown>\nE       #4 0x55e974b6cda4 <unknown>\nE       #5 0x55e974b520ad <unknown>\nE       #6 0x55e974b6a932 <unknown>\nE       #7 0x55e974b51e53 <unknown>\nE       #8 0x55e974b249ea <unknown>\nE       #9 0x55e974b25b2e <unknown>\nE       #10 0x55e974d84d5e <unknown>\nE       #11 0x55e974d88a80 <unknown>\nE       #12 0x55e974d6a8b0 <unknown>\nE       #13 0x55e974d89b63 <unknown>\nE       #14 0x55e974d5bf75 <unknown>\nE       #15 0x55e974dac998 <unknown>\nE       #16 0x55e974dacb27 <unknown>\nE       #17 0x55e974dc7c23 <unknown>\nE       #18 0x7f39068b8b43 <unknown>\n\n/opt/hostedtoolcache/Python/3.10.10/x64/lib/python3.10/site-packages/selenium/webdriver/support/wait.py:95: TimeoutException","flaky":false,"newFailed":false,"newBroken":false,"newPassed":false,"retriesCount":0,"retriesStatusChange":false,"beforeStages":[{"name":"_xunit_setup_method_fixture_TestConduit","time":{"start":1680885017586,"stop":1680885018744,"duration":1158},"status":"passed","steps":[],"attachments":[],"parameters":[],"stepsCount":0,"attachmentsCount":0,"shouldDisplayMessage":false,"hasContent":false}],"afterStages":[{"name":"_xunit_setup_method_fixture_TestConduit::0","time":{"start":1680885109215,"stop":1680885110216,"duration":1001},"status":"passed","steps":[],"attachments":[],"parameters":[],"stepsCount":0,"attachmentsCount":0,"shouldDisplayMessage":false,"hasContent":false}],"labels":[{"name":"parentSuite","value":"test"},{"name":"suite","value":"test_conduit"},{"name":"subSuite","value":"TestConduit"},{"name":"host","value":"fv-az646-596"},{"name":"thread","value":"3067-MainThread"},{"name":"framework","value":"pytest"},{"name":"language","value":"cpython3"},{"name":"package","value":"test.test_conduit"},{"name":"resultFormat","value":"allure2"}],"parameters":[],"links":[],"hidden":false,"retry":false,"extra":{"severity":"normal","retries":[],"categories":[{"name":"Test defects","matchedStatuses":[],"flaky":false}],"tags":[]},"source":"bfad4034cd31ed80.json","parameterValues":[]}