{"uid":"965626a0d4484551","name":"test_new_data","fullName":"test.test_conduit.TestConduit#test_new_data","historyId":"31b6af9fa7a431376e8d5bae6d0c19a0","time":{"start":1680879290286,"stop":1680879305627,"duration":15341},"status":"broken","statusMessage":"selenium.common.exceptions.TimeoutException: Message: \nStacktrace:\n#0 0x55f0b6c20243 <unknown>\n#1 0x55f0b69e47a6 <unknown>\n#2 0x55f0b6a2164d <unknown>\n#3 0x55f0b6a21761 <unknown>\n#4 0x55f0b6a5cda4 <unknown>\n#5 0x55f0b6a420ad <unknown>\n#6 0x55f0b6a5a932 <unknown>\n#7 0x55f0b6a41e53 <unknown>\n#8 0x55f0b6a149ea <unknown>\n#9 0x55f0b6a15b2e <unknown>\n#10 0x55f0b6c74d5e <unknown>\n#11 0x55f0b6c78a80 <unknown>\n#12 0x55f0b6c5a8b0 <unknown>\n#13 0x55f0b6c79b63 <unknown>\n#14 0x55f0b6c4bf75 <unknown>\n#15 0x55f0b6c9c998 <unknown>\n#16 0x55f0b6c9cb27 <unknown>\n#17 0x55f0b6cb7c23 <unknown>\n#18 0x7f057f656b43 <unknown>","statusTrace":"self = <test_conduit.TestConduit object at 0x7f5bbda34eb0>\n\n    def test_new_data(self):\n        # Bejelentkezés\n    \n        signin_button = self.browser.find_element(By.CSS_SELECTOR, 'a[href = \"#/login\"]')\n        signin_button.click()\n    \n        email_input = WebDriverWait(self.browser, 5).until(\n            EC.presence_of_element_located((By.CSS_SELECTOR, 'input[placeholder=\"Email\"]')))\n        password_input = WebDriverWait(self.browser, 5).until(\n            EC.presence_of_element_located((By.CSS_SELECTOR, 'input[placeholder=\"Password\"]')))\n        confirm_signin = WebDriverWait(self.browser, 5).until(\n            EC.presence_of_element_located((By.CSS_SELECTOR, 'button[class=\"btn btn-lg btn-primary pull-xs-right\"]')))\n    \n        email_input.send_keys(self.email)\n        password_input.send_keys(self.password)\n        confirm_signin.click()\n        time.sleep(10)\n    \n        # Új bejegyzés létrehozása\n    \n        # Kikeresem és rányomok az új bejegyzés létrehozására\n        #timeoutexception\n>       new_article_btn = WebDriverWait(self.browser, 5).until(EC.presence_of_element_located((By.CSS_SELECTOR, 'a[href=\"#/editor\"]')))\n\ntest/test_conduit.py:183: \n_ _ _ _ _ _ _ _ _ _ _ _ _ _ _ _ _ _ _ _ _ _ _ _ _ _ _ _ _ _ _ _ _ _ _ _ _ _ _ _ \n\nself = <selenium.webdriver.support.wait.WebDriverWait (session=\"71ed2b79fed173854d5d9d0bd4ff0d14\")>\nmethod = <function presence_of_element_located.<locals>._predicate at 0x7f5bbd953880>\nmessage = ''\n\n    def until(self, method, message: str = \"\"):\n        \"\"\"Calls the method provided with the driver as an argument until the \\\n        return value does not evaluate to ``False``.\n    \n        :param method: callable(WebDriver)\n        :param message: optional message for :exc:`TimeoutException`\n        :returns: the result of the last call to `method`\n        :raises: :exc:`selenium.common.exceptions.TimeoutException` if timeout occurs\n        \"\"\"\n        screen = None\n        stacktrace = None\n    \n        end_time = time.monotonic() + self._timeout\n        while True:\n            try:\n                value = method(self._driver)\n                if value:\n                    return value\n            except self._ignored_exceptions as exc:\n                screen = getattr(exc, \"screen\", None)\n                stacktrace = getattr(exc, \"stacktrace\", None)\n            time.sleep(self._poll)\n            if time.monotonic() > end_time:\n                break\n>       raise TimeoutException(message, screen, stacktrace)\nE       selenium.common.exceptions.TimeoutException: Message: \nE       Stacktrace:\nE       #0 0x55f0b6c20243 <unknown>\nE       #1 0x55f0b69e47a6 <unknown>\nE       #2 0x55f0b6a2164d <unknown>\nE       #3 0x55f0b6a21761 <unknown>\nE       #4 0x55f0b6a5cda4 <unknown>\nE       #5 0x55f0b6a420ad <unknown>\nE       #6 0x55f0b6a5a932 <unknown>\nE       #7 0x55f0b6a41e53 <unknown>\nE       #8 0x55f0b6a149ea <unknown>\nE       #9 0x55f0b6a15b2e <unknown>\nE       #10 0x55f0b6c74d5e <unknown>\nE       #11 0x55f0b6c78a80 <unknown>\nE       #12 0x55f0b6c5a8b0 <unknown>\nE       #13 0x55f0b6c79b63 <unknown>\nE       #14 0x55f0b6c4bf75 <unknown>\nE       #15 0x55f0b6c9c998 <unknown>\nE       #16 0x55f0b6c9cb27 <unknown>\nE       #17 0x55f0b6cb7c23 <unknown>\nE       #18 0x7f057f656b43 <unknown>\n\n/opt/hostedtoolcache/Python/3.10.10/x64/lib/python3.10/site-packages/selenium/webdriver/support/wait.py:95: TimeoutException","flaky":false,"newFailed":false,"newBroken":false,"newPassed":false,"retriesCount":0,"retriesStatusChange":false,"beforeStages":[{"name":"_xunit_setup_method_fixture_TestConduit","time":{"start":1680879289095,"stop":1680879290286,"duration":1191},"status":"passed","steps":[],"attachments":[],"parameters":[],"stepsCount":0,"attachmentsCount":0,"shouldDisplayMessage":false,"hasContent":false}],"afterStages":[{"name":"_xunit_setup_method_fixture_TestConduit::0","time":{"start":1680879305635,"stop":1680879306636,"duration":1001},"status":"passed","steps":[],"attachments":[],"parameters":[],"stepsCount":0,"attachmentsCount":0,"shouldDisplayMessage":false,"hasContent":false}],"labels":[{"name":"parentSuite","value":"test"},{"name":"suite","value":"test_conduit"},{"name":"subSuite","value":"TestConduit"},{"name":"host","value":"fv-az357-761"},{"name":"thread","value":"3102-MainThread"},{"name":"framework","value":"pytest"},{"name":"language","value":"cpython3"},{"name":"package","value":"test.test_conduit"},{"name":"resultFormat","value":"allure2"}],"parameters":[],"links":[],"hidden":false,"retry":false,"extra":{"severity":"normal","retries":[],"categories":[{"name":"Test defects","matchedStatuses":[],"flaky":false}],"tags":[]},"source":"965626a0d4484551.json","parameterValues":[]}