{"uid":"3754659748684664","name":"test_new_data","fullName":"test.test_conduit.TestConduit#test_new_data","historyId":"31b6af9fa7a431376e8d5bae6d0c19a0","time":{"start":1680871758786,"stop":1680871770195,"duration":11409},"status":"broken","statusMessage":"selenium.common.exceptions.TimeoutException: Message: \nStacktrace:\n#0 0x5649977bc243 <unknown>\n#1 0x5649975807a6 <unknown>\n#2 0x5649975bd64d <unknown>\n#3 0x5649975bd761 <unknown>\n#4 0x5649975f8da4 <unknown>\n#5 0x5649975de0ad <unknown>\n#6 0x5649975f6932 <unknown>\n#7 0x5649975dde53 <unknown>\n#8 0x5649975b09ea <unknown>\n#9 0x5649975b1b2e <unknown>\n#10 0x564997810d5e <unknown>\n#11 0x564997814a80 <unknown>\n#12 0x5649977f68b0 <unknown>\n#13 0x564997815b63 <unknown>\n#14 0x5649977e7f75 <unknown>\n#15 0x564997838998 <unknown>\n#16 0x564997838b27 <unknown>\n#17 0x564997853c23 <unknown>\n#18 0x7fc524b64b43 <unknown>","statusTrace":"self = <test_conduit.TestConduit object at 0x7f6188668d60>\n\n    def test_new_data(self):\n        # Bejelentkezés\n    \n        signin_button = self.browser.find_element(By.CSS_SELECTOR, 'a[href = \"#/login\"]')\n        signin_button.click()\n    \n        email_input = WebDriverWait(self.browser, 5).until(\n            EC.presence_of_element_located((By.CSS_SELECTOR, 'input[placeholder=\"Email\"]')))\n        password_input = WebDriverWait(self.browser, 5).until(\n            EC.presence_of_element_located((By.CSS_SELECTOR, 'input[placeholder=\"Password\"]')))\n        confirm_signin = WebDriverWait(self.browser, 5).until(\n            EC.presence_of_element_located((By.CSS_SELECTOR, 'button[class=\"btn btn-lg btn-primary pull-xs-right\"]')))\n    \n        email_input.send_keys(self.email)\n        password_input.send_keys(self.password)\n        confirm_signin.click()\n        time.sleep(1)\n    \n        # Új bejegyzés létrehozása\n    \n        # Kikeresem és rányomok az új bejegyzés létrehozására\n        #timeoutexception\n>       new_article_btn = WebDriverWait(self.browser, 10).until(EC.presence_of_element_located((By.CSS_SELECTOR, 'a[href=\"#/editor\"]')))\n\ntest/test_conduit.py:180: \n_ _ _ _ _ _ _ _ _ _ _ _ _ _ _ _ _ _ _ _ _ _ _ _ _ _ _ _ _ _ _ _ _ _ _ _ _ _ _ _ \n\nself = <selenium.webdriver.support.wait.WebDriverWait (session=\"ab5d34ce2cd87e7fe898a5962250582c\")>\nmethod = <function presence_of_element_located.<locals>._predicate at 0x7f618858b250>\nmessage = ''\n\n    def until(self, method, message: str = \"\"):\n        \"\"\"Calls the method provided with the driver as an argument until the \\\n        return value does not evaluate to ``False``.\n    \n        :param method: callable(WebDriver)\n        :param message: optional message for :exc:`TimeoutException`\n        :returns: the result of the last call to `method`\n        :raises: :exc:`selenium.common.exceptions.TimeoutException` if timeout occurs\n        \"\"\"\n        screen = None\n        stacktrace = None\n    \n        end_time = time.monotonic() + self._timeout\n        while True:\n            try:\n                value = method(self._driver)\n                if value:\n                    return value\n            except self._ignored_exceptions as exc:\n                screen = getattr(exc, \"screen\", None)\n                stacktrace = getattr(exc, \"stacktrace\", None)\n            time.sleep(self._poll)\n            if time.monotonic() > end_time:\n                break\n>       raise TimeoutException(message, screen, stacktrace)\nE       selenium.common.exceptions.TimeoutException: Message: \nE       Stacktrace:\nE       #0 0x5649977bc243 <unknown>\nE       #1 0x5649975807a6 <unknown>\nE       #2 0x5649975bd64d <unknown>\nE       #3 0x5649975bd761 <unknown>\nE       #4 0x5649975f8da4 <unknown>\nE       #5 0x5649975de0ad <unknown>\nE       #6 0x5649975f6932 <unknown>\nE       #7 0x5649975dde53 <unknown>\nE       #8 0x5649975b09ea <unknown>\nE       #9 0x5649975b1b2e <unknown>\nE       #10 0x564997810d5e <unknown>\nE       #11 0x564997814a80 <unknown>\nE       #12 0x5649977f68b0 <unknown>\nE       #13 0x564997815b63 <unknown>\nE       #14 0x5649977e7f75 <unknown>\nE       #15 0x564997838998 <unknown>\nE       #16 0x564997838b27 <unknown>\nE       #17 0x564997853c23 <unknown>\nE       #18 0x7fc524b64b43 <unknown>\n\n/opt/hostedtoolcache/Python/3.10.10/x64/lib/python3.10/site-packages/selenium/webdriver/support/wait.py:95: TimeoutException","flaky":false,"newFailed":false,"newBroken":false,"newPassed":false,"retriesCount":0,"retriesStatusChange":false,"beforeStages":[{"name":"_xunit_setup_method_fixture_TestConduit","time":{"start":1680871757607,"stop":1680871758786,"duration":1179},"status":"passed","steps":[],"attachments":[],"parameters":[],"stepsCount":0,"attachmentsCount":0,"shouldDisplayMessage":false,"hasContent":false}],"afterStages":[{"name":"_xunit_setup_method_fixture_TestConduit::0","time":{"start":1680871770203,"stop":1680871771205,"duration":1002},"status":"passed","steps":[],"attachments":[],"parameters":[],"stepsCount":0,"attachmentsCount":0,"shouldDisplayMessage":false,"hasContent":false}],"labels":[{"name":"parentSuite","value":"test"},{"name":"suite","value":"test_conduit"},{"name":"subSuite","value":"TestConduit"},{"name":"host","value":"fv-az552-379"},{"name":"thread","value":"3104-MainThread"},{"name":"framework","value":"pytest"},{"name":"language","value":"cpython3"},{"name":"package","value":"test.test_conduit"},{"name":"resultFormat","value":"allure2"}],"parameters":[],"links":[],"hidden":false,"retry":false,"extra":{"severity":"normal","retries":[],"categories":[{"name":"Test defects","matchedStatuses":[],"flaky":false}],"tags":[]},"source":"3754659748684664.json","parameterValues":[]}