{"uid":"f1d1573a47b54958","name":"test_new_data","fullName":"test.test_conduit.TestConduit#test_new_data","historyId":"31b6af9fa7a431376e8d5bae6d0c19a0","time":{"start":1681115382661,"stop":1681115396181,"duration":13520},"status":"broken","statusMessage":"selenium.common.exceptions.TimeoutException: Message: \nStacktrace:\n#0 0x55f347690243 <unknown>\n#1 0x55f3474547a6 <unknown>\n#2 0x55f34749164d <unknown>\n#3 0x55f347491761 <unknown>\n#4 0x55f3474ccda4 <unknown>\n#5 0x55f3474b20ad <unknown>\n#6 0x55f3474ca932 <unknown>\n#7 0x55f3474b1e53 <unknown>\n#8 0x55f3474849ea <unknown>\n#9 0x55f347485b2e <unknown>\n#10 0x55f3476e4d5e <unknown>\n#11 0x55f3476e8a80 <unknown>\n#12 0x55f3476ca8b0 <unknown>\n#13 0x55f3476e9b63 <unknown>\n#14 0x55f3476bbf75 <unknown>\n#15 0x55f34770c998 <unknown>\n#16 0x55f34770cb27 <unknown>\n#17 0x55f347727c23 <unknown>\n#18 0x7fb629f5ab43 <unknown>","statusTrace":"self = <test_conduit.TestConduit object at 0x7f73c1dae830>\n\n    def test_new_data(self):\n    \n        login(self.browser)\n    \n        # Kikeresem és rányomok az új bejegyzés létrehozására\n    \n>       new_article_btn = WebDriverWait(self.browser, 5).until(\n            EC.presence_of_element_located((By.XPATH, '//a[@href=\"#/editor\"]')))\n\ntest/test_conduit.py:152: \n_ _ _ _ _ _ _ _ _ _ _ _ _ _ _ _ _ _ _ _ _ _ _ _ _ _ _ _ _ _ _ _ _ _ _ _ _ _ _ _ \n\nself = <selenium.webdriver.support.wait.WebDriverWait (session=\"56186abf8ff1ed79b45621f0cb59b443\")>\nmethod = <function presence_of_element_located.<locals>._predicate at 0x7f73c0cbeb00>\nmessage = ''\n\n    def until(self, method, message: str = \"\"):\n        \"\"\"Calls the method provided with the driver as an argument until the \\\n        return value does not evaluate to ``False``.\n    \n        :param method: callable(WebDriver)\n        :param message: optional message for :exc:`TimeoutException`\n        :returns: the result of the last call to `method`\n        :raises: :exc:`selenium.common.exceptions.TimeoutException` if timeout occurs\n        \"\"\"\n        screen = None\n        stacktrace = None\n    \n        end_time = time.monotonic() + self._timeout\n        while True:\n            try:\n                value = method(self._driver)\n                if value:\n                    return value\n            except self._ignored_exceptions as exc:\n                screen = getattr(exc, \"screen\", None)\n                stacktrace = getattr(exc, \"stacktrace\", None)\n            time.sleep(self._poll)\n            if time.monotonic() > end_time:\n                break\n>       raise TimeoutException(message, screen, stacktrace)\nE       selenium.common.exceptions.TimeoutException: Message: \nE       Stacktrace:\nE       #0 0x55f347690243 <unknown>\nE       #1 0x55f3474547a6 <unknown>\nE       #2 0x55f34749164d <unknown>\nE       #3 0x55f347491761 <unknown>\nE       #4 0x55f3474ccda4 <unknown>\nE       #5 0x55f3474b20ad <unknown>\nE       #6 0x55f3474ca932 <unknown>\nE       #7 0x55f3474b1e53 <unknown>\nE       #8 0x55f3474849ea <unknown>\nE       #9 0x55f347485b2e <unknown>\nE       #10 0x55f3476e4d5e <unknown>\nE       #11 0x55f3476e8a80 <unknown>\nE       #12 0x55f3476ca8b0 <unknown>\nE       #13 0x55f3476e9b63 <unknown>\nE       #14 0x55f3476bbf75 <unknown>\nE       #15 0x55f34770c998 <unknown>\nE       #16 0x55f34770cb27 <unknown>\nE       #17 0x55f347727c23 <unknown>\nE       #18 0x7fb629f5ab43 <unknown>\n\n/opt/hostedtoolcache/Python/3.10.10/x64/lib/python3.10/site-packages/selenium/webdriver/support/wait.py:95: TimeoutException","flaky":false,"newFailed":false,"newBroken":false,"newPassed":false,"retriesCount":0,"retriesStatusChange":false,"beforeStages":[{"name":"_xunit_setup_method_fixture_TestConduit","time":{"start":1681115381336,"stop":1681115382660,"duration":1324},"status":"passed","steps":[],"attachments":[],"parameters":[],"stepsCount":0,"attachmentsCount":0,"shouldDisplayMessage":false,"hasContent":false}],"afterStages":[{"name":"_xunit_setup_method_fixture_TestConduit::0","time":{"start":1681115396191,"stop":1681115397192,"duration":1001},"status":"passed","steps":[],"attachments":[],"parameters":[],"stepsCount":0,"attachmentsCount":0,"shouldDisplayMessage":false,"hasContent":false}],"labels":[{"name":"parentSuite","value":"test"},{"name":"suite","value":"test_conduit"},{"name":"subSuite","value":"TestConduit"},{"name":"host","value":"fv-az449-296"},{"name":"thread","value":"3169-MainThread"},{"name":"framework","value":"pytest"},{"name":"language","value":"cpython3"},{"name":"package","value":"test.test_conduit"},{"name":"resultFormat","value":"allure2"}],"parameters":[],"links":[],"hidden":false,"retry":false,"extra":{"severity":"normal","retries":[],"categories":[{"name":"Test defects","matchedStatuses":[],"flaky":false}],"tags":[]},"source":"f1d1573a47b54958.json","parameterValues":[]}